#
# There is insufficient memory for the Java Runtime Environment to continue.
# Native memory allocation (mmap) failed to map 201326592 bytes for G1 virtual space
# Possible reasons:
#   The system is out of physical RAM or swap space
#   The process is running with CompressedOops enabled, and the Java Heap may be blocking the growth of the native heap
# Possible solutions:
#   Reduce memory load on the system
#   Increase physical memory or swap space
#   Check if swap backing store is full
#   Decrease Java heap size (-Xmx/-Xms)
#   Decrease number of Java threads
#   Decrease Java thread stack sizes (-Xss)
#   Set larger code cache with -XX:ReservedCodeCacheSize=
#   JVM is running with Zero Based Compressed Oops mode in which the Java heap is
#     placed in the first 32GB address space. The Java Heap base address is the
#     maximum limit for the native heap growth. Please use -XX:HeapBaseMinAddress
#     to set the Java Heap base and to place the Java Heap above 32GB virtual address.
# This output file may be truncated or incomplete.
#
#  Out of Memory Error (os_windows.cpp:3469), pid=18024, tid=12104
#
# JRE version:  (17.0.1+12) (build )
# Java VM: OpenJDK 64-Bit Server VM (17.0.1+12, mixed mode, sharing, tiered, compressed oops, compressed class ptrs, g1 gc, windows-amd64)
# No core dump will be written. Minidumps are not enabled by default on client versions of Windows
#

---------------  S U M M A R Y ------------

Command Line: -Dfile.encoding=UTF-8 -XX:+ShowCodeDetailsInExceptionMessages com.productservice.jsonread.JSONReadFromTheFileTest

Host: Intel(R) Core(TM) i3-7020U CPU @ 2.30GHz, 4 cores, 11G,  Windows 10 , 64 bit Build 19041 (10.0.19041.1503)
Time: Mon Mar  7 20:27:53 2022 India Standard Time elapsed time: 0.047831 seconds (0d 0h 0m 0s)

---------------  T H R E A D  ---------------

Current thread (0x0000020cc6c68dd0):  JavaThread "Unknown thread" [_thread_in_vm, id=12104, stack(0x0000005990000000,0x0000005990100000)]

Stack: [0x0000005990000000,0x0000005990100000]
Native frames: (J=compiled Java code, j=interpreted, Vv=VM code, C=native code)
V  [jvm.dll+0x6744da]
V  [jvm.dll+0x82e144]
V  [jvm.dll+0x82f8ee]
V  [jvm.dll+0x82ff53]
V  [jvm.dll+0x245175]
V  [jvm.dll+0x6714c9]
V  [jvm.dll+0x665f92]
V  [jvm.dll+0x303c3b]
V  [jvm.dll+0x30b176]
V  [jvm.dll+0x35af1e]
V  [jvm.dll+0x35b14f]
V  [jvm.dll+0x2dab78]
V  [jvm.dll+0x2dbae4]
V  [jvm.dll+0x7ffdf1]
V  [jvm.dll+0x368c91]
V  [jvm.dll+0x7df2cc]
V  [jvm.dll+0x3eb59f]
V  [jvm.dll+0x3ed121]
C  [jli.dll+0x5277]
C  [ucrtbase.dll+0x21bb2]
C  [KERNEL32.DLL+0x17034]
C  [ntdll.dll+0x52651]


---------------  P R O C E S S  ---------------

Threads class SMR info:
_java_thread_list=0x00007ffc4aa24e58, length=0, elements={
}

Java Threads: ( => current thread )

Other Threads:
  0x0000020cc6cac190 GCTaskThread "GC Thread#0" [stack: 0x0000005990100000,0x0000005990200000] [id=19428]
  0x0000020cc6cba700 ConcurrentGCThread "G1 Main Marker" [stack: 0x0000005990200000,0x0000005990300000] [id=15956]
  0x0000020cc6cbb110 ConcurrentGCThread "G1 Conc#0" [stack: 0x0000005990300000,0x0000005990400000] [id=15308]

[error occurred during error reporting (printing all threads), id 0xc0000005, EXCEPTION_ACCESS_VIOLATION (0xc0000005) at pc=0x00007ffc4a1fb5f7]

VM state: not at safepoint (not fully initialized)

VM Mutex/Monitor currently owned by a thread:  ([mutex/lock_event])
[0x0000020cc6c64ce0] Heap_lock - owner thread: 0x0000020cc6c68dd0

Heap address: 0x0000000741800000, size: 3048 MB, Compressed Oops mode: Zero based, Oop shift amount: 3

CDS archive(s) mapped at: [0x0000000000000000-0x0000000000000000-0x0000000000000000), size 0, SharedBaseAddress: 0x0000000800000000, ArchiveRelocationMode: 0.
Narrow klass base: 0x0000000000000000, Narrow klass shift: 0, Narrow klass range: 0x0

GC Precious Log:
<Empty>

Heap:
 garbage-first heap   total 0K, used 0K [0x0000000741800000, 0x0000000800000000)
  region size 2048K, 0 young (0K), 0 survivors (0K)

[error occurred during error reporting (printing heap information), id 0xc0000005, EXCEPTION_ACCESS_VIOLATION (0xc0000005) at pc=0x00007ffc4a5dd729]

GC Heap History (0 events):
No events

Deoptimization events (0 events):
No events

Classes unloaded (0 events):
No events

Classes redefined (0 events):
No events

Internal exceptions (0 events):
No events

VM Operations (0 events):
No events

Events (1 events):
Event: 0.027 Loaded shared library C:\Users\gopis\Downloads\sts-4.13.1.RELEASE\plugins\org.eclipse.justj.openjdk.hotspot.jre.full.win32.x86_64_17.0.1.v20211116-1657\jre\bin\java.dll


Dynamic libraries:
0x00007ff6ab120000 - 0x00007ff6ab12e000 	C:\Users\gopis\Downloads\sts-4.13.1.RELEASE\plugins\org.eclipse.justj.openjdk.hotspot.jre.full.win32.x86_64_17.0.1.v20211116-1657\jre\bin\javaw.exe
0x00007ffca4210000 - 0x00007ffca4405000 	C:\WINDOWS\SYSTEM32\ntdll.dll
0x00007ffca2260000 - 0x00007ffca231e000 	C:\WINDOWS\System32\KERNEL32.DLL
0x00007ffca1f90000 - 0x00007ffca2258000 	C:\WINDOWS\System32\KERNELBASE.dll
0x00007ffca1b10000 - 0x00007ffca1c10000 	C:\WINDOWS\System32\ucrtbase.dll
0x00007ffc8c1f0000 - 0x00007ffc8c209000 	C:\Users\gopis\Downloads\sts-4.13.1.RELEASE\plugins\org.eclipse.justj.openjdk.hotspot.jre.full.win32.x86_64_17.0.1.v20211116-1657\jre\bin\VCRUNTIME140.dll
0x00007ffc8c210000 - 0x00007ffc8c228000 	C:\Users\gopis\Downloads\sts-4.13.1.RELEASE\plugins\org.eclipse.justj.openjdk.hotspot.jre.full.win32.x86_64_17.0.1.v20211116-1657\jre\bin\jli.dll
0x00007ffca2530000 - 0x00007ffca26d0000 	C:\WINDOWS\System32\USER32.dll
0x00007ffca1c10000 - 0x00007ffca1c32000 	C:\WINDOWS\System32\win32u.dll
0x00007ffca2500000 - 0x00007ffca252b000 	C:\WINDOWS\System32\GDI32.dll
0x00007ffca1d20000 - 0x00007ffca1e2d000 	C:\WINDOWS\System32\gdi32full.dll
0x00007ffca19d0000 - 0x00007ffca1a6d000 	C:\WINDOWS\System32\msvcp_win.dll
0x00007ffca0d20000 - 0x00007ffca0fba000 	C:\WINDOWS\WinSxS\amd64_microsoft.windows.common-controls_6595b64144ccf1df_6.0.19041.1110_none_60b5254171f9507e\COMCTL32.dll
0x00007ffca3980000 - 0x00007ffca3a1e000 	C:\WINDOWS\System32\msvcrt.dll
0x00007ffca4020000 - 0x00007ffca4050000 	C:\WINDOWS\System32\IMM32.DLL
0x00007ffc8c1e0000 - 0x00007ffc8c1ec000 	C:\Users\gopis\Downloads\sts-4.13.1.RELEASE\plugins\org.eclipse.justj.openjdk.hotspot.jre.full.win32.x86_64_17.0.1.v20211116-1657\jre\bin\vcruntime140_1.dll
0x00007ffc48520000 - 0x00007ffc485b1000 	C:\Users\gopis\Downloads\sts-4.13.1.RELEASE\plugins\org.eclipse.justj.openjdk.hotspot.jre.full.win32.x86_64_17.0.1.v20211116-1657\jre\bin\msvcp140.dll
0x00007ffc49f10000 - 0x00007ffc4ab56000 	C:\Users\gopis\Downloads\sts-4.13.1.RELEASE\plugins\org.eclipse.justj.openjdk.hotspot.jre.full.win32.x86_64_17.0.1.v20211116-1657\jre\bin\server\jvm.dll
0x00007ffca40c0000 - 0x00007ffca416e000 	C:\WINDOWS\System32\ADVAPI32.dll
0x00007ffca3340000 - 0x00007ffca33dc000 	C:\WINDOWS\System32\sechost.dll
0x00007ffca3ef0000 - 0x00007ffca4015000 	C:\WINDOWS\System32\RPCRT4.dll
0x00007ffca3330000 - 0x00007ffca3338000 	C:\WINDOWS\System32\PSAPI.DLL
0x00007ffc80420000 - 0x00007ffc80429000 	C:\WINDOWS\SYSTEM32\WSOCK32.dll
0x00007ffca4050000 - 0x00007ffca40bb000 	C:\WINDOWS\System32\WS2_32.dll
0x00007ffc8f830000 - 0x00007ffc8f857000 	C:\WINDOWS\SYSTEM32\WINMM.dll
0x00007ffc91030000 - 0x00007ffc9103a000 	C:\WINDOWS\SYSTEM32\VERSION.dll
0x00007ffc9ebc0000 - 0x00007ffc9ebd2000 	C:\WINDOWS\SYSTEM32\kernel.appcore.dll
0x00007ffc685d0000 - 0x00007ffc685da000 	C:\Users\gopis\Downloads\sts-4.13.1.RELEASE\plugins\org.eclipse.justj.openjdk.hotspot.jre.full.win32.x86_64_17.0.1.v20211116-1657\jre\bin\jimage.dll
0x00007ffca1320000 - 0x00007ffca1504000 	C:\WINDOWS\SYSTEM32\DBGHELP.DLL
0x00007ffca1270000 - 0x00007ffca129c000 	C:\WINDOWS\SYSTEM32\dbgcore.DLL
0x00007ffca1c90000 - 0x00007ffca1d12000 	C:\WINDOWS\System32\bcryptPrimitives.dll
0x00007ffc4d830000 - 0x00007ffc4d855000 	C:\Users\gopis\Downloads\sts-4.13.1.RELEASE\plugins\org.eclipse.justj.openjdk.hotspot.jre.full.win32.x86_64_17.0.1.v20211116-1657\jre\bin\java.dll

dbghelp: loaded successfully - version: 4.0.5 - missing functions: none
symbol engine: initialized successfully - sym options: 0x614 - pdb path: .;C:\Users\gopis\Downloads\sts-4.13.1.RELEASE\plugins\org.eclipse.justj.openjdk.hotspot.jre.full.win32.x86_64_17.0.1.v20211116-1657\jre\bin;C:\WINDOWS\SYSTEM32;C:\WINDOWS\WinSxS\amd64_microsoft.windows.common-controls_6595b64144ccf1df_6.0.19041.1110_none_60b5254171f9507e;C:\Users\gopis\Downloads\sts-4.13.1.RELEASE\plugins\org.eclipse.justj.openjdk.hotspot.jre.full.win32.x86_64_17.0.1.v20211116-1657\jre\bin\server

VM Arguments:
jvm_args: -Dfile.encoding=UTF-8 -XX:+ShowCodeDetailsInExceptionMessages 
java_command: com.productservice.jsonread.JSONReadFromTheFileTest
java_class_path (initial): D:\Users\gopis\Documents\workspace-spring-tool-suite-4-4.13.1.RELEASE\productservice\target\classes;C:\Users\gopis\.m2\repository\org\springframework\boot\spring-boot-starter-data-jdbc\2.6.5-SNAPSHOT\spring-boot-starter-data-jdbc-2.6.5-SNAPSHOT.jar;C:\Users\gopis\.m2\repository\org\springframework\boot\spring-boot-starter-jdbc\2.6.5-SNAPSHOT\spring-boot-starter-jdbc-2.6.5-SNAPSHOT.jar;C:\Users\gopis\.m2\repository\com\zaxxer\HikariCP\4.0.3\HikariCP-4.0.3.jar;C:\Users\gopis\.m2\repository\org\springframework\spring-jdbc\5.3.16\spring-jdbc-5.3.16.jar;C:\Users\gopis\.m2\repository\org\springframework\data\spring-data-jdbc\2.3.2\spring-data-jdbc-2.3.2.jar;C:\Users\gopis\.m2\repository\org\springframework\data\spring-data-relational\2.3.2\spring-data-relational-2.3.2.jar;C:\Users\gopis\.m2\repository\org\springframework\data\spring-data-commons\2.6.2\spring-data-commons-2.6.2.jar;C:\Users\gopis\.m2\repository\org\springframework\spring-tx\5.3.16\spring-tx-5.3.16.jar;C:\Users\gopis\.m2\repository\org\springframework\spring-context\5.3.16\spring-context-5.3.16.jar;C:\Users\gopis\.m2\repository\org\springframework\spring-beans\5.3.16\spring-beans-5.3.16.jar;C:\Users\gopis\.m2\repository\org\slf4j\slf4j-api\1.7.36\slf4j-api-1.7.36.jar;C:\Users\gopis\.m2\repository\org\springframework\boot\spring-boot-starter-data-jpa\2.6.5-SNAPSHOT\spring-boot-starter-data-jpa-2.6.5-SNAPSHOT.jar;C:\Users\gopis\.m2\repository\org\springframework\boot\spring-boot-starter-aop\2.6.5-SNAPSHOT\spring-boot-starter-aop-2.6.5-SNAPSHOT.jar;C:\Users\gopis\.m2\repository\org\springframework\spring-aop\5.3.16\spring-aop-5.3.16.jar;C:\Users\gopis\.m2\repository\org\aspectj\aspectjweaver\1.9.7\aspectjweaver-1.9.7.jar;C:\Users\gopis\.m2\repository\jakarta\transaction\jakarta.transaction-api\1.3.3\jakarta.transaction-api-1.3.3.jar;C:\Users\gopis\.m2\repository\jakarta\persistence\jakarta.persistence-api\2.2.3\jakarta.persistence-api-2.2.3.jar;C:\Users\gopis\.m2\repository\org\hib
Launcher Type: SUN_STANDARD

[Global flags]
     intx CICompilerCount                          = 3                                         {product} {ergonomic}
     uint ConcGCThreads                            = 1                                         {product} {ergonomic}
     uint G1ConcRefinementThreads                  = 4                                         {product} {ergonomic}
   size_t G1HeapRegionSize                         = 2097152                                   {product} {ergonomic}
    uintx GCDrainStackTargetSize                   = 64                                        {product} {ergonomic}
   size_t InitialHeapSize                          = 201326592                                 {product} {ergonomic}
   size_t MarkStackSize                            = 4194304                                   {product} {ergonomic}
   size_t MaxHeapSize                              = 3196059648                                {product} {ergonomic}
   size_t MinHeapDeltaBytes                        = 2097152                                   {product} {ergonomic}
   size_t MinHeapSize                              = 8388608                                   {product} {ergonomic}
    uintx NonNMethodCodeHeapSize                   = 5832780                                {pd product} {ergonomic}
    uintx NonProfiledCodeHeapSize                  = 122912730                              {pd product} {ergonomic}
    uintx ProfiledCodeHeapSize                     = 122912730                              {pd product} {ergonomic}
    uintx ReservedCodeCacheSize                    = 251658240                              {pd product} {ergonomic}
     bool SegmentedCodeCache                       = true                                      {product} {ergonomic}
     bool ShowCodeDetailsInExceptionMessages       = true                                   {manageable} {command line}
   size_t SoftMaxHeapSize                          = 3196059648                             {manageable} {ergonomic}
     bool UseCompressedClassPointers               = true                           {product lp64_product} {ergonomic}
     bool UseCompressedOops                        = true                           {product lp64_product} {ergonomic}
     bool UseG1GC                                  = true                                      {product} {ergonomic}
     bool UseLargePagesIndividualAllocation        = false                                  {pd product} {ergonomic}

Logging:
Log output configuration:
 #0: stdout all=warning uptime,level,tags
 #1: stderr all=off uptime,level,tags

Environment Variables:
PATH=C:/Users/gopis/Downloads/sts-4.13.1.RELEASE//plugins/org.eclipse.justj.openjdk.hotspot.jre.full.win32.x86_64_17.0.1.v20211116-1657/jre/bin/server;C:/Users/gopis/Downloads/sts-4.13.1.RELEASE//plugins/org.eclipse.justj.openjdk.hotspot.jre.full.win32.x86_64_17.0.1.v20211116-1657/jre/bin;C:\Program Files (x86)\Common Files\Oracle\Java\javapath;C:\WINDOWS\system32;C:\WINDOWS;C:\WINDOWS\System32\Wbem;C:\WINDOWS\System32\WindowsPowerShell\v1.0\;C:\WINDOWS\System32\OpenSSH\;C:\Program Files (x86)\Intel\Intel(R) Management Engine Components\DAL;C:\Program Files\Intel\Intel(R) Management Engine Components\DAL;C:\Users\gopis\AppData\Local\Microsoft\WindowsApps;C:\Users\gopis\AppData\Local\GitHubDesktop\bin;D:\Users\Softwares\postgresql-14.2-1-windows-x64-binaries\pgsql\pgAdmin 4\bin;;C:\Users\gopis\Downloads\sts-4.13.1.RELEASE;
USERNAME=gopis
OS=Windows_NT
PROCESSOR_IDENTIFIER=Intel64 Family 6 Model 142 Stepping 9, GenuineIntel



---------------  S Y S T E M  ---------------

OS:
 Windows 10 , 64 bit Build 19041 (10.0.19041.1503)
OS uptime: 4 days 2:06 hours

CPU: total 4 (initial active 4) (2 cores per cpu, 2 threads per core) family 6 model 142 stepping 9 microcode 0xea, cx8, cmov, fxsr, ht, mmx, 3dnowpref, sse, sse2, sse3, ssse3, sse4.1, sse4.2, popcnt, lzcnt, tsc, tscinvbit, avx, avx2, aes, erms, clmul, bmi1, bmi2, adx, fma, vzeroupper, clflush, clflushopt

Memory: 4k page, system-wide physical 12188M (2955M free)
TotalPageFile size 25729M (AvailPageFile size 87M)
current process WorkingSet (physical memory assigned to process): 10M, peak: 10M
current process commit charge ("private bytes"): 51M, peak: 243M

vm_info: OpenJDK 64-Bit Server VM (17.0.1+12) for windows-amd64 JRE (17.0.1+12), built on Oct 20 2021 07:42:55 by "" with MS VC++ 16.7 (VS2019)

END.
